Arguments: 
  /opt/Hyper/hyper /opt/Hyper/resources/bin/yarn-standalone.js install --no-emoji --no-lockfile --cache-folder /home/rperez/.hyper_plugins/cache

PATH: 
  undefined

Yarn version: 
  1.3.2

Node version: 
  10.2.0

Platform: 
  linux x64

npm manifest: 
  {
    "name": "hyper-plugins",
    "description": "Auto-generated from `~/.hyper.js`!",
    "private": true,
    "version": "0.0.1",
    "repository": "zeit/hyper",
    "license": "MIT",
    "homepage": "https://hyper.is",
    "dependencies": {
      "hyper-custom-controls": "latest"
    }
  }

yarn manifest: 
  No manifest

Lockfile: 
  No lockfile

Trace: 
  Error: https://registry.yarnpkg.com/hyper-custom-controls/-/hyper-custom-controls-1.0.2.tgz: ENOENT: no such file or directory, open '/home/rperez/.hyper_plugins/cache/v1/npm-hyper-custom-controls-1.0.2-bfb8271bec8d646cc2fb484b2771123bad617947/.yarn-tarball.tgz'
